0 info it worked if it ends with ok
1 verbose cli [ '/usr/bin/node', '/usr/bin/npm', 'publish' ]
2 info using npm@3.5.2
3 info using node@v8.10.0
4 verbose publish [ '.' ]
5 silly cache add args [ '.', null ]
6 verbose cache add spec .
7 silly cache add parsed spec Result {
7 silly cache add   raw: '.',
7 silly cache add   scope: null,
7 silly cache add   name: null,
7 silly cache add   rawSpec: '.',
7 silly cache add   spec: '/mnt/DATA/site/new-blog/node_modules/hexo-generator-baidu-sitemap',
7 silly cache add   type: 'directory' }
8 verbose addLocalDirectory /home/upupming/.npm/hexo-generator-baidusitemap/0.1.2/package.tgz not in flight; packing
9 info lifecycle hexo-generator-baidusitemap@0.1.2~prepublish: hexo-generator-baidusitemap@0.1.2
10 silly lifecycle hexo-generator-baidusitemap@0.1.2~prepublish: no script for prepublish, continuing
11 verbose tar pack [ '/home/upupming/.npm/hexo-generator-baidusitemap/0.1.2/package.tgz',
11 verbose tar pack   '/mnt/DATA/site/new-blog/node_modules/hexo-generator-baidu-sitemap' ]
12 verbose tarball /home/upupming/.npm/hexo-generator-baidusitemap/0.1.2/package.tgz
13 verbose folder /mnt/DATA/site/new-blog/node_modules/hexo-generator-baidu-sitemap
14 verbose addLocalTarball adding from inside cache /home/upupming/.npm/hexo-generator-baidusitemap/0.1.2/package.tgz
15 silly cache afterAdd hexo-generator-baidusitemap@0.1.2
16 verbose afterAdd /home/upupming/.npm/hexo-generator-baidusitemap/0.1.2/package/package.json not in flight; writing
17 verbose afterAdd /home/upupming/.npm/hexo-generator-baidusitemap/0.1.2/package/package.json written
18 silly publish { name: 'hexo-generator-baidusitemap',
18 silly publish   version: '0.1.2',
18 silly publish   description: 'Baidu Sitemap generator plugin for Hexo',
18 silly publish   main: 'index',
18 silly publish   repository:
18 silly publish    { type: 'git',
18 silly publish      url: 'git+https://github.com/upupming/hexo-generator-baidu-sitemap.git' },
18 silly publish   bugs:
18 silly publish    { url: 'https://github.com/upupming/hexo-generator-baidu-sitemap/issues' },
18 silly publish   keywords: [ 'hexo', 'sitemap', 'seo', 'generator', 'baidu' ],
18 silly publish   author:
18 silly publish    { name: 'Coney Geng',
18 silly publish      email: 'coneylife@gmail.com',
18 silly publish      url: 'http://gengbiao.me' },
18 silly publish   license:
18 silly publish    { type: 'MIT',
18 silly publish      url: 'https://github.com/upupming/hexo-generator-baidu-sitemap/LICENSE' },
18 silly publish   dependencies:
18 silly publish    { ejs: '^1.0.0',
18 silly publish      hexo: '^3.0.0',
18 silly publish      'hexo-generator-baidu-sitemap': '0.0.8',
18 silly publish      'utils-merge': '^1.0.0' },
18 silly publish   readme: '# Sitemap generator\n\nGenerate sitemap.\n\n**使用站图的初衷是[为自己的博客添加站内搜索](http://gengbiao.me/2014/10/22/hexo%E6%B7%BB%E5%8A%A0%E7%99%BE%E5%BA%A6%E7%AB%99%E5%86%85%E6%90%9C%E7%B4%A2/),如果想更好的发挥站图的作用，建议手动提交baidusitemap给百度.**\n\n**目前baidu无法扒取github的数据了，托管在github的朋友们会碰到抓取失败的问题，可以试试更改到gitcafe上等等，怎么说呢，我只能说百度太2了**\n## Install\nif your hexo version is 2.x.x, you should install as follow:\n``` bash\n$ npm install hexo-generator-baidu-sitemap@0.0.8 --save\n```\nif version is 3.x.x, you should install as follow:\n``` bash\n$ npm install hexo-generator-baidu-sitemap@0.1.1 --save\n```\n\n## Update.\n``` bash\n$ npm remove hexo-generator-baidu-sitemap\n$ npm install hexo-generator-baidu-sitemap --save\n```\n\n## Options\n\nif your hexo version is 2.x.x, you can configure this plugin in `_config.yml`.\n\n``` yaml\nbaidusitemap:\n    path: baidusitemap.xml\n```\nif version is 3.x.x, you should configure this plugin in `_config.yml`.\n``` yaml\nbaidusitemap:\npath: baidusitemap.xml\n```\n- **path** - Sitemap path. (Default: baidusitemap.xml)\n\n##Errors\n\nMaybe response is "hexo is not definded",then you should:\n``` bash\n$ cd node_modules/hexo-generator-baidu-sitemap/\n$ npm install\n```\n\n',
18 silly publish   readmeFilename: 'README.md',
18 silly publish   gitHead: '46f70e03e9c0bf6a888f1af489ab4b093118860e',
18 silly publish   homepage: 'https://github.com/upupming/hexo-generator-baidu-sitemap#readme',
18 silly publish   _id: 'hexo-generator-baidusitemap@0.1.2',
18 silly publish   scripts: {},
18 silly publish   _shasum: '20fd0b4b4cccedb3387f1459d9e0385d2dec46c6',
18 silly publish   _from: '.' }
19 verbose getPublishConfig undefined
20 silly mapToRegistry name hexo-generator-baidusitemap
21 silly mapToRegistry using default registry
22 silly mapToRegistry registry https://registry.npmjs.org/
23 silly mapToRegistry uri https://registry.npmjs.org/hexo-generator-baidusitemap
24 verbose publish registryBase https://registry.npmjs.org/
25 silly publish uploading /home/upupming/.npm/hexo-generator-baidusitemap/0.1.2/package.tgz
26 verbose request uri https://registry.npmjs.org/hexo-generator-baidusitemap
27 verbose request sending authorization for write operation
28 info attempt registry request try #1 at 12:42:14 PM
29 verbose request using bearer token for auth
30 verbose request id b559947efa72eab7
31 http request PUT https://registry.npmjs.org/hexo-generator-baidusitemap
32 http 403 https://registry.npmjs.org/hexo-generator-baidusitemap
33 verbose headers { date: 'Thu, 28 Jun 2018 04:42:16 GMT',
33 verbose headers   'content-type': 'application/json',
33 verbose headers   'transfer-encoding': 'chunked',
33 verbose headers   connection: 'keep-alive',
33 verbose headers   'set-cookie':
33 verbose headers    [ '__cfduid=db681c477a2637f145aa948661a25724d1530160935; expires=Fri, 28-Jun-19 04:42:15 GMT; path=/; domain=.registry.npmjs.org; HttpOnly' ],
33 verbose headers   'cf-ray': '431d7c58ed096fae-SIN',
33 verbose headers   'expect-ct': 'max-age=604800, report-uri="https://report-uri.cloudflare.com/cdn-cgi/beacon/expect-ct"',
33 verbose headers   server: 'cloudflare',
33 verbose headers   'content-encoding': 'gzip' }
34 verbose request invalidating /home/upupming/.npm/registry.npmjs.org/hexo-generator-baidusitemap on PUT
35 error publish Failed PUT 403
36 verbose stack Error: Package name too similar to existing packages; try renaming your package to '@upupming/hexo-generator-baidusitemap' and publishing with 'npm publish --access=public' instead : hexo-generator-baidusitemap
36 verbose stack     at makeError (/usr/share/npm/node_modules/npm-registry-client/lib/request.js:264:12)
36 verbose stack     at CachingRegistryClient.<anonymous> (/usr/share/npm/node_modules/npm-registry-client/lib/request.js:252:14)
36 verbose stack     at /usr/share/npm/node_modules/npm-registry-client/lib/request.js:178:7
36 verbose stack     at Gunzip.onEnd (zlib.js:131:5)
36 verbose stack     at emitNone (events.js:111:20)
36 verbose stack     at Gunzip.emit (events.js:208:7)
36 verbose stack     at endReadableNT (_stream_readable.js:1064:12)
36 verbose stack     at _combinedTickCallback (internal/process/next_tick.js:138:11)
36 verbose stack     at process._tickCallback (internal/process/next_tick.js:180:9)
37 verbose statusCode 403
38 verbose pkgid hexo-generator-baidusitemap
39 verbose cwd /mnt/DATA/site/new-blog/node_modules/hexo-generator-baidu-sitemap
40 error Linux 4.15.0-23-generic
41 error argv "/usr/bin/node" "/usr/bin/npm" "publish"
42 error node v8.10.0
43 error npm  v3.5.2
44 error code E403
45 error Package name too similar to existing packages; try renaming your package to '@upupming/hexo-generator-baidusitemap' and publishing with 'npm publish --access=public' instead : hexo-generator-baidusitemap
46 error If you need help, you may report this error at:
46 error     <https://github.com/npm/npm/issues>
47 verbose exit [ 1, true ]
